0	1	mikroCPIC1618.exe -MSF -DBG -pP18F45K22 -DL -O11111114 -fo58.982399 -N"C:\Z99\MikrocontrollerCode\SourceCode\PIC18F45K22\PIC18F45K22.mcppi" -SP"C:\Users\Public\Documents\Mikroelektronika\mikroC PRO for PIC\Defs\" -SP"C:\Users\Public\Documents\Mikroelektronika\mikroC PRO for PIC\uses\P18\" -SP"C:\Z99\MikrocontrollerCode\SourceCode\PIC18F45K22\" -IP"C:\Users\Public\Documents\Mikroelektronika\mikroC PRO for PIC\uses\P18\" "PIC18F45K22.c" "__Lib_Math.mcl" "__Lib_MathDouble.mcl" "__Lib_System.mcl" "__Lib_Delays.mcl" "__Lib_ADC_K22_B.mcl" "__Lib_UART_c67d67.mcl"	 
hint: 0	1139	Available RAM: 1515 [bytes], Available ROM: 32768 [bytes]	 
diagnostics: 0	122	Compilation Started	PIC18F45K22.c
diagnostics: 1054	123	Compiled Successfully	PIC18F45K22.c
hint: 82	1164	Variable 'x' has been eliminated by optimizer	PIC18F45K22.c
hint: 83	1164	Variable 'y' has been eliminated by optimizer	PIC18F45K22.c
hint: 84	1164	Variable 'StepsX' has been eliminated by optimizer	PIC18F45K22.c
hint: 85	1164	Variable 'StepsY' has been eliminated by optimizer	PIC18F45K22.c
hint: 86	1164	Variable 'StepsZ' has been eliminated by optimizer	PIC18F45K22.c
hint: 87	1164	Variable 'StepsD' has been eliminated by optimizer	PIC18F45K22.c
hint: 89	1164	Variable 'CheckSum' has been eliminated by optimizer	PIC18F45K22.c
hint: 90	1164	Variable 'TestCheckSum' has been eliminated by optimizer	PIC18F45K22.c
hint: 91	1164	Variable 'CheckSumIndex' has been eliminated by optimizer	PIC18F45K22.c
hint: 92	1164	Variable 'xDir' has been eliminated by optimizer	PIC18F45K22.c
hint: 92	1164	Variable 'yDir' has been eliminated by optimizer	PIC18F45K22.c
hint: 94	1164	Variable 'xLong' has been eliminated by optimizer	PIC18F45K22.c
hint: 94	1164	Variable 'yLong' has been eliminated by optimizer	PIC18F45K22.c
hint: 95	1164	Variable 'part1' has been eliminated by optimizer	PIC18F45K22.c
hint: 95	1164	Variable 'part2' has been eliminated by optimizer	PIC18F45K22.c
hint: 95	1164	Variable 'part3' has been eliminated by optimizer	PIC18F45K22.c
diagnostics: 0	127	All files Compiled in 78 ms	 
hint: 0	1144	Used RAM (bytes): 70 (5%)  Free RAM (bytes): 1445 (95%)	Used RAM (bytes): 70 (5%)  Free RAM (bytes): 1445 (95%)
hint: 0	1144	Used ROM (bytes): 7838 (24%)  Free ROM (bytes): 24930 (76%)	Used ROM (bytes): 7838 (24%)  Free ROM (bytes): 24930 (76%)
diagnostics: 0	125	Project Linked Successfully	PIC18F45K22.mcppi
diagnostics: 0	128	Linked in 32 ms	 
diagnostics: 0	129	Project 'PIC18F45K22.mcppi' completed: 157 ms	 
diagnostics: 0	103	Finished successfully: 28 Sep 2022, 09:26:06	PIC18F45K22.mcppi
